<?xml version="1.0" encoding="UTF-8"?>
<!-- Generated by org.testng.reporters.JUnitReportReporter -->
<testsuite skipped="0" hostname="LAPTOP-TOI63QB6" name="com.qa.visulon.test.VF_Fonts" tests="2" failures="0" timestamp="15 Feb 2022 08:53:31 GMT" time="13.392" errors="0">
  <testcase name="Userlogin" time="0.323" classname="com.qa.visulon.test.VF_Fonts"/>
  <testcase name="User_roles" time="13.069" classname="com.qa.visulon.test.VF_Fonts"/>
</testsuite> <!-- com.qa.visulon.test.VF_Fonts -->
