<?xml version="1.0" encoding="UTF-8"?>
<!-- Generated by org.testng.reporters.JUnitReportReporter -->
<testsuite skipped="0" hostname="LAPTOP-TOI63QB6" name="com.qa.visulon.test.VF_Milestones" tests="3" failures="0" timestamp="15 Feb 2022 08:53:31 GMT" time="15.519" errors="0">
  <testcase name="Userlogin" time="0.229" classname="com.qa.visulon.test.VF_Milestones"/>
  <testcase name="VF_Milestomes_homepage" time="0.337" classname="com.qa.visulon.test.VF_Milestones"/>
  <testcase name="VF_Milestomes_Assortment" time="14.953" classname="com.qa.visulon.test.VF_Milestones"/>
</testsuite> <!-- com.qa.visulon.test.VF_Milestones -->
