<?xml version="1.0" encoding="UTF-8"?>
<!-- Generated by org.testng.reporters.JUnitReportReporter -->
<testsuite skipped="0" hostname="LAPTOP-TOI63QB6" name="com.qa.visulon.test.VF_Fonts" tests="2" failures="0" timestamp="16 Feb 2022 07:27:11 GMT" time="11.402" errors="0">
  <testcase name="Userlogin" time="0.473" classname="com.qa.visulon.test.VF_Fonts"/>
  <testcase name="User_roles" time="10.929" classname="com.qa.visulon.test.VF_Fonts"/>
</testsuite> <!-- com.qa.visulon.test.VF_Fonts -->
