<?xml version="1.0" encoding="UTF-8"?>
<!-- Generated by org.testng.reporters.JUnitReportReporter -->
<testsuite skipped="0" hostname="LAPTOP-TOI63QB6" name="com.qa.visulon.test.VF_Fonts" tests="2" failures="0" timestamp="15 Feb 2022 08:28:21 GMT" time="26.473" errors="0">
  <testcase name="Userlogin" time="8.543" classname="com.qa.visulon.test.VF_Fonts"/>
  <testcase name="User_roles" time="17.930" classname="com.qa.visulon.test.VF_Fonts"/>
</testsuite> <!-- com.qa.visulon.test.VF_Fonts -->
