<?xml version="1.0" encoding="UTF-8"?>
<!-- Generated by org.testng.reporters.JUnitReportReporter -->
<testsuite skipped="0" hostname="LAPTOP-TOI63QB6" name="com.qa.visulon.test.VF_Milestones" tests="3" failures="0" timestamp="16 Feb 2022 07:27:11 GMT" time="14.361" errors="0">
  <testcase name="Userlogin" time="0.318" classname="com.qa.visulon.test.VF_Milestones"/>
  <testcase name="VF_Milestomes_homepage" time="0.477" classname="com.qa.visulon.test.VF_Milestones"/>
  <testcase name="VF_Milestomes_Assortment" time="13.566" classname="com.qa.visulon.test.VF_Milestones"/>
</testsuite> <!-- com.qa.visulon.test.VF_Milestones -->
